{
  message: 'Listening at 3000',
  level: 'info',
  timestamp: '2021-12-28T23:31:28.305Z'
}
{
  message: 'Listening at 3000',
  level: 'info',
  timestamp: '2021-12-28T23:34:46.284Z'
}
{
  message: 'Listening at 3000',
  level: 'info',
  timestamp: '2021-12-28T23:35:01.098Z'
}
{
  message: 'Listening at 3000',
  level: 'info',
  timestamp: '2021-12-28T23:35:29.116Z'
}
{
  message: 'Listening at 3000',
  level: 'info',
  timestamp: '2021-12-28T23:41:05.873Z'
}
{
  message: 'Listening at 3000',
  level: 'info',
  timestamp: '2021-12-28T23:41:29.373Z'
}
{
  message: 'Listening at 3000',
  level: 'info',
  timestamp: '2021-12-29T00:43:51.414Z'
}
{
  message: 'Listening at 3000',
  level: 'info',
  timestamp: '2021-12-29T00:45:11.802Z'
}
{
  message: 'Listening at 3000',
  level: 'info',
  timestamp: '2021-12-29T01:09:31.948Z'
}
{
  message: 'Listening at 3000',
  level: 'info',
  timestamp: '2021-12-29T01:10:01.232Z'
}
{
  message: 'Listening at 3000',
  level: 'info',
  timestamp: '2021-12-29T03:48:13.076Z'
}
{
  message: 'Listening at 3000',
  level: 'info',
  timestamp: '2021-12-29T05:02:45.524Z'
}
{
  message: 'Listening at 3000',
  level: 'info',
  timestamp: '2021-12-29T05:21:34.138Z'
}
{
  message: 'Listening at 3000',
  level: 'info',
  timestamp: '2021-12-29T05:32:54.305Z'
}
{
  message: 'Listening at 3000',
  level: 'info',
  timestamp: '2021-12-29T05:33:54.569Z'
}
{
  message: 'Listening at 3000',
  level: 'info',
  timestamp: '2021-12-29T05:35:03.647Z'
}
{
  message: 'Listening at 3000',
  level: 'info',
  timestamp: '2021-12-29T05:36:35.000Z'
}
{
  message: 'Listening at 3000',
  level: 'info',
  timestamp: '2021-12-29T05:38:21.881Z'
}
{
  message: 'Listening at 3000',
  level: 'info',
  timestamp: '2021-12-29T05:39:39.549Z'
}
{
  message: 'Listening at 3000',
  level: 'info',
  timestamp: '2021-12-29T05:39:54.725Z'
}
{
  message: 'Listening at 3000',
  level: 'info',
  timestamp: '2021-12-29T05:40:10.195Z'
}
{
  message: 'Listening at 3000',
  level: 'info',
  timestamp: '2021-12-29T05:41:37.613Z'
}
{
  message: 'Listening at 3000',
  level: 'info',
  timestamp: '2021-12-29T05:41:47.891Z'
}
{
  message: 'Listening at 3000',
  level: 'info',
  timestamp: '2021-12-29T05:43:00.050Z'
}
{
  message: 'Listening at 3000',
  level: 'info',
  timestamp: '2021-12-29T05:44:36.591Z'
}
{
  message: 'Listening at 3000',
  level: 'info',
  timestamp: '2021-12-29T05:45:51.994Z'
}
{
  message: 'Listening at 3000',
  level: 'info',
  timestamp: '2021-12-29T05:53:03.406Z'
}
{
  message: 'Listening at 3000',
  level: 'info',
  timestamp: '2021-12-29T05:53:54.771Z'
}
{
  message: 'Listening at 3000',
  level: 'info',
  timestamp: '2021-12-29T05:54:44.194Z'
}
{
  message: 'Listening at 3000',
  level: 'info',
  timestamp: '2021-12-29T05:54:57.157Z'
}
{
  message: 'Listening at 3000',
  level: 'info',
  timestamp: '2021-12-29T05:55:58.028Z'
}
{
  message: 'Listening at 3000',
  level: 'info',
  timestamp: '2021-12-29T05:56:00.203Z'
}
{
  message: 'Listening at 3000',
  level: 'info',
  timestamp: '2021-12-29T05:56:09.871Z'
}
{
  message: 'Listening at 3000',
  level: 'info',
  timestamp: '2021-12-29T06:21:09.783Z'
}
{
  message: 'Listening at 3000',
  level: 'info',
  timestamp: '2021-12-29T06:21:33.434Z'
}
{
  message: 'Listening at 3000',
  level: 'info',
  timestamp: '2021-12-29T06:21:49.731Z'
}
{
  message: 'Listening at 3000',
  level: 'info',
  timestamp: '2021-12-29T06:22:33.831Z'
}
{
  message: 'Listening at 3000',
  level: 'info',
  timestamp: '2021-12-29T06:23:03.436Z'
}
{
  message: 'Listening at 3000',
  level: 'info',
  timestamp: '2021-12-29T06:26:58.403Z'
}
{
  message: 'Listening at 3000',
  level: 'info',
  timestamp: '2021-12-29T06:28:31.809Z'
}
{
  message: 'Listening at 3000',
  level: 'info',
  timestamp: '2021-12-29T06:28:45.888Z'
}
{
  message: 'Listening at 3000',
  level: 'info',
  timestamp: '2021-12-29T06:36:28.833Z'
}
{
  message: 'Listening at 3000',
  level: 'info',
  timestamp: '2021-12-29T06:36:49.051Z'
}
{
  message: 'Listening at 3000',
  level: 'info',
  timestamp: '2021-12-29T06:38:05.104Z'
}
{
  message: 'Listening at 3000',
  level: 'info',
  timestamp: '2021-12-29T06:38:06.337Z'
}
{
  message: 'Listening at 3000',
  level: 'info',
  timestamp: '2021-12-29T06:39:06.144Z'
}
{
  message: 'Listening at 3000',
  level: 'info',
  timestamp: '2021-12-29T06:39:44.337Z'
}
{
  message: 'Listening at 3000',
  level: 'info',
  timestamp: '2021-12-29T06:40:02.212Z'
}
{
  message: 'Listening at 3000',
  level: 'info',
  timestamp: '2021-12-29T06:43:28.318Z'
}
{
  message: 'Listening at 3000',
  level: 'info',
  timestamp: '2021-12-29T06:44:55.055Z'
}
{
  message: 'Listening at 3000',
  level: 'info',
  timestamp: '2021-12-29T06:45:52.721Z'
}
{
  message: 'Listening at 3000',
  level: 'info',
  timestamp: '2021-12-29T06:46:04.442Z'
}
{
  message: 'Listening at 3000',
  level: 'info',
  timestamp: '2021-12-29T06:46:15.683Z'
}
{
  message: 'Listening at 3000',
  level: 'info',
  timestamp: '2021-12-29T07:03:22.756Z'
}
{
  message: 'Listening at 3000',
  level: 'info',
  timestamp: '2021-12-29T07:04:04.532Z'
}
{
  message: 'Listening at 3000',
  level: 'info',
  timestamp: '2021-12-29T07:04:32.762Z'
}
{
  message: 'Listening at 3000',
  level: 'info',
  timestamp: '2021-12-29T07:04:46.481Z'
}
{
  message: 'Listening at 3000',
  level: 'info',
  timestamp: '2021-12-29T07:05:01.326Z'
}
{
  message: 'Listening at 3000',
  level: 'info',
  timestamp: '2021-12-29T07:05:52.054Z'
}
{
  message: 'Listening at 3000',
  level: 'info',
  timestamp: '2021-12-29T07:06:16.790Z'
}
{
  message: 'Listening at 3000',
  level: 'info',
  timestamp: '2021-12-29T07:06:39.227Z'
}
{
  message: 'Listening at 3000',
  level: 'info',
  timestamp: '2021-12-29T07:06:49.560Z'
}
{
  message: 'Listening at 3000',
  level: 'info',
  timestamp: '2021-12-29T07:07:01.472Z'
}
{
  message: 'Listening at 3000',
  level: 'info',
  timestamp: '2021-12-29T07:08:22.265Z'
}
{
  message: 'Listening at 3000',
  level: 'info',
  timestamp: '2021-12-29T07:08:38.974Z'
}
{
  message: 'Listening at 3000',
  level: 'info',
  timestamp: '2021-12-29T07:09:09.193Z'
}
{
  message: 'Listening at 3000',
  level: 'info',
  timestamp: '2021-12-29T07:09:23.499Z'
}
{
  message: 'Listening at 3000',
  level: 'info',
  timestamp: '2021-12-29T07:09:36.967Z'
}
{
  message: 'Listening at 3000',
  level: 'info',
  timestamp: '2021-12-29T07:09:50.384Z'
}
{
  message: 'Listening at 3000',
  level: 'info',
  timestamp: '2021-12-29T07:09:57.325Z'
}
{
  message: 'Listening at 3000',
  level: 'info',
  timestamp: '2021-12-29T07:10:38.637Z'
}
{
  message: 'Listening at 3000',
  level: 'info',
  timestamp: '2021-12-29T07:11:33.250Z'
}
{
  message: 'Listening at 3000',
  level: 'info',
  timestamp: '2021-12-29T07:11:35.793Z'
}
{
  message: 'Listening at 3000',
  level: 'info',
  timestamp: '2021-12-29T07:13:49.164Z'
}
{
  message: 'Listening at 3000',
  level: 'info',
  timestamp: '2021-12-29T07:14:40.514Z'
}
{
  message: 'Listening at 3000',
  level: 'info',
  timestamp: '2021-12-29T07:15:58.272Z'
}
{
  message: 'Listening at 3000',
  level: 'info',
  timestamp: '2021-12-29T07:16:14.491Z'
}
{
  message: 'Listening at 3000',
  level: 'info',
  timestamp: '2021-12-29T07:17:14.032Z'
}
{
  message: 'Listening at 3000',
  level: 'info',
  timestamp: '2021-12-29T07:17:43.998Z'
}
{
  message: 'Listening at 3000',
  level: 'info',
  timestamp: '2021-12-29T07:18:23.651Z'
}
{
  message: 'Listening at 3000',
  level: 'info',
  timestamp: '2021-12-29T07:18:39.829Z'
}
{
  message: 'Listening at 3000',
  level: 'info',
  timestamp: '2021-12-29T07:19:44.068Z'
}
{
  message: 'Listening at 3000',
  level: 'info',
  timestamp: '2021-12-29T07:19:46.093Z'
}
{
  message: 'Listening at 3000',
  level: 'info',
  timestamp: '2021-12-29T07:20:29.341Z'
}
{
  message: 'Listening at 3000',
  level: 'info',
  timestamp: '2021-12-29T07:23:29.397Z'
}
{
  message: 'Listening at 3000',
  level: 'info',
  timestamp: '2021-12-29T07:23:49.844Z'
}
{
  message: 'Listening at 3000',
  level: 'info',
  timestamp: '2021-12-29T07:24:54.922Z'
}
{
  message: 'Listening at 3000',
  level: 'info',
  timestamp: '2021-12-29T07:25:59.221Z'
}
{
  message: 'Listening at 3000',
  level: 'info',
  timestamp: '2021-12-29T07:34:33.583Z'
}
{
  message: 'Listening at 3000',
  level: 'info',
  timestamp: '2021-12-29T12:53:56.752Z'
}
{
  message: 'Listening at 3000',
  level: 'info',
  timestamp: '2021-12-29T13:02:00.486Z'
}
{
  message: 'Listening at 3000',
  level: 'info',
  timestamp: '2021-12-29T13:02:40.281Z'
}
{
  message: 'Listening at 3000',
  level: 'info',
  timestamp: '2021-12-29T13:02:57.373Z'
}
{
  message: 'Listening at 3000',
  level: 'info',
  timestamp: '2021-12-29T13:03:48.833Z'
}
{
  message: 'Listening at 3000',
  level: 'info',
  timestamp: '2021-12-29T13:04:11.122Z'
}
{
  message: 'Listening at 3000',
  level: 'info',
  timestamp: '2021-12-29T13:04:22.585Z'
}
{
  message: 'Listening at 3000',
  level: 'info',
  timestamp: '2021-12-29T13:05:26.345Z'
}
{
  message: 'Listening at 3000',
  level: 'info',
  timestamp: '2021-12-29T13:06:28.664Z'
}
{
  message: 'Listening at 3000',
  level: 'info',
  timestamp: '2021-12-29T13:09:49.977Z'
}
{
  message: 'Listening at 3000',
  level: 'info',
  timestamp: '2021-12-29T13:10:08.499Z'
}
{
  message: 'Listening at 3000',
  level: 'info',
  timestamp: '2021-12-29T13:10:12.469Z'
}
{
  message: 'Listening at 3000',
  level: 'info',
  timestamp: '2021-12-29T13:10:30.112Z'
}
{
  message: 'Listening at 3000',
  level: 'info',
  timestamp: '2021-12-29T13:12:27.892Z'
}
{
  message: 'Listening at 3000',
  level: 'info',
  timestamp: '2021-12-29T13:12:39.495Z'
}
{
  message: 'Listening at 3000',
  level: 'info',
  timestamp: '2021-12-29T13:12:50.791Z'
}
{
  message: 'Listening at 3000',
  level: 'info',
  timestamp: '2021-12-29T13:13:23.674Z'
}
{
  message: 'Listening at 3000',
  level: 'info',
  timestamp: '2021-12-29T13:17:28.140Z'
}
{
  message: 'Listening at 3000',
  level: 'info',
  timestamp: '2021-12-29T13:19:30.589Z'
}
{
  message: 'Listening at 3000',
  level: 'info',
  timestamp: '2021-12-29T13:19:38.497Z'
}
{
  message: 'Listening at 3000',
  level: 'info',
  timestamp: '2021-12-29T13:26:20.076Z'
}
{
  message: 'Listening at 3000',
  level: 'info',
  timestamp: '2021-12-29T13:27:51.558Z'
}
{
  message: 'Listening at 3000',
  level: 'info',
  timestamp: '2021-12-29T13:31:07.043Z'
}
{
  message: 'Listening at 3000',
  level: 'info',
  timestamp: '2021-12-29T13:38:49.884Z'
}
{
  message: 'Listening at 3000',
  level: 'info',
  timestamp: '2021-12-29T13:39:40.284Z'
}
{
  message: 'Listening at 3000',
  level: 'info',
  timestamp: '2021-12-29T13:48:08.173Z'
}
{
  message: 'Listening at 3000',
  level: 'info',
  timestamp: '2021-12-29T13:49:18.308Z'
}
{
  message: 'Listening at 3000',
  level: 'info',
  timestamp: '2021-12-29T13:49:33.466Z'
}
{
  message: 'Listening at 3000',
  level: 'info',
  timestamp: '2021-12-29T13:50:08.320Z'
}
{
  message: 'Listening at 3000',
  level: 'info',
  timestamp: '2021-12-29T13:53:32.385Z'
}
{
  message: 'Listening at 3000',
  level: 'info',
  timestamp: '2021-12-29T13:53:46.964Z'
}
{
  message: 'Listening at 3000',
  level: 'info',
  timestamp: '2021-12-29T13:54:04.815Z'
}
{
  message: 'Listening at 3000',
  level: 'info',
  timestamp: '2021-12-29T13:54:20.192Z'
}
{
  message: 'Listening at 3000',
  level: 'info',
  timestamp: '2021-12-29T13:56:02.936Z'
}
{
  message: 'Listening at 3000',
  level: 'info',
  timestamp: '2021-12-29T13:56:40.073Z'
}
{
  message: 'Listening at 3000',
  level: 'info',
  timestamp: '2021-12-29T13:58:07.118Z'
}
{
  message: 'Listening at 3000',
  level: 'info',
  timestamp: '2021-12-29T13:58:26.351Z'
}
{
  message: 'Listening at 3000',
  level: 'info',
  timestamp: '2021-12-29T13:58:46.418Z'
}
{
  message: 'Listening at 3000',
  level: 'info',
  timestamp: '2021-12-29T14:00:48.335Z'
}
{
  message: 'Listening at 3000',
  level: 'info',
  timestamp: '2021-12-29T14:05:49.911Z'
}
{
  message: 'Listening at 3000',
  level: 'info',
  timestamp: '2021-12-29T14:06:07.924Z'
}
{
  message: 'Listening at 3000',
  level: 'info',
  timestamp: '2021-12-29T14:10:20.220Z'
}
{
  message: 'Listening at 3000',
  level: 'info',
  timestamp: '2021-12-29T14:13:58.494Z'
}
{
  message: 'Listening at 3000',
  level: 'info',
  timestamp: '2021-12-29T14:14:20.552Z'
}
{
  message: 'Listening at 3000',
  level: 'info',
  timestamp: '2021-12-29T14:16:18.427Z'
}
{
  message: 'Listening at 3000',
  level: 'info',
  timestamp: '2021-12-29T14:16:45.222Z'
}
{
  message: 'Listening at 3000',
  level: 'info',
  timestamp: '2021-12-29T14:17:29.359Z'
}
{
  message: 'Listening at 3000',
  level: 'info',
  timestamp: '2021-12-29T14:18:18.307Z'
}
{
  message: 'Listening at 3000',
  level: 'info',
  timestamp: '2021-12-29T14:19:38.068Z'
}
{
  message: 'Listening at 3000',
  level: 'info',
  timestamp: '2021-12-29T14:21:00.917Z'
}
{
  message: 'Listening at 3000',
  level: 'info',
  timestamp: '2021-12-29T14:21:39.786Z'
}
{
  message: 'Listening at 3000',
  level: 'info',
  timestamp: '2021-12-29T14:21:59.941Z'
}
{
  message: 'Listening at 3000',
  level: 'info',
  timestamp: '2021-12-29T14:23:18.874Z'
}
{
  message: 'Listening at 3000',
  level: 'info',
  timestamp: '2021-12-29T14:23:39.033Z'
}
{
  message: 'Listening at 3000',
  level: 'info',
  timestamp: '2021-12-29T14:26:26.636Z'
}
{
  message: 'Listening at 3000',
  level: 'info',
  timestamp: '2021-12-29T14:37:08.435Z'
}
{
  message: 'Listening at 3000',
  level: 'info',
  timestamp: '2021-12-29T16:49:00.797Z'
}
{
  message: 'Listening at 3000',
  level: 'info',
  timestamp: '2021-12-29T16:50:25.625Z'
}
{
  message: 'Listening at 3000',
  level: 'info',
  timestamp: '2021-12-29T16:53:51.580Z'
}
{
  message: 'Listening at 3000',
  level: 'info',
  timestamp: '2021-12-29T16:55:52.409Z'
}
{
  message: 'Listening at 3000',
  level: 'info',
  timestamp: '2021-12-29T16:58:11.858Z'
}
{
  message: 'Listening at 3000',
  level: 'info',
  timestamp: '2021-12-29T16:59:01.171Z'
}
{
  message: 'Listening at 3000',
  level: 'info',
  timestamp: '2021-12-29T17:00:05.058Z'
}
{
  message: 'Listening at 3000',
  level: 'info',
  timestamp: '2021-12-29T17:05:00.333Z'
}
{
  message: 'Listening at 3000',
  level: 'info',
  timestamp: '2021-12-29T17:06:03.442Z'
}
{
  message: 'Listening at 3000',
  level: 'info',
  timestamp: '2021-12-29T17:17:33.970Z'
}
{
  message: 'Listening at 3000',
  level: 'info',
  timestamp: '2021-12-29T17:18:04.375Z'
}
{
  message: 'Listening at 3000',
  level: 'info',
  timestamp: '2021-12-29T17:18:48.090Z'
}
{
  message: 'Listening at 3000',
  level: 'info',
  timestamp: '2021-12-29T17:19:36.683Z'
}
{
  message: 'Listening at 3000',
  level: 'info',
  timestamp: '2021-12-29T17:20:13.299Z'
}
{
  message: 'Listening at 3000',
  level: 'info',
  timestamp: '2021-12-29T17:20:21.834Z'
}
{
  message: 'Listening at 3000',
  level: 'info',
  timestamp: '2021-12-29T17:20:34.575Z'
}
{
  message: 'Listening at 3000',
  level: 'info',
  timestamp: '2021-12-29T17:22:07.843Z'
}
{
  message: 'Listening at 3000',
  level: 'info',
  timestamp: '2021-12-29T17:23:01.984Z'
}
{
  message: 'Listening at 3000',
  level: 'info',
  timestamp: '2021-12-29T17:27:37.746Z'
}
{
  message: 'Listening at 3000',
  level: 'info',
  timestamp: '2021-12-29T17:28:01.904Z'
}
{
  message: 'Listening at 3000',
  level: 'info',
  timestamp: '2021-12-29T17:28:15.384Z'
}
{
  message: 'Listening at 3000',
  level: 'info',
  timestamp: '2021-12-29T17:42:08.754Z'
}
{
  message: 'Listening at 3000',
  level: 'info',
  timestamp: '2021-12-29T17:43:13.502Z'
}
{
  message: 'Listening at 3000',
  level: 'info',
  timestamp: '2021-12-29T17:45:13.280Z'
}
{
  message: 'Listening at 3000',
  level: 'info',
  timestamp: '2021-12-29T17:47:07.951Z'
}
{
  message: 'Listening at 3000',
  level: 'info',
  timestamp: '2021-12-29T17:47:34.365Z'
}
{
  message: 'Listening at 3000',
  level: 'info',
  timestamp: '2021-12-29T17:48:19.232Z'
}
{
  message: 'Listening at 3000',
  level: 'info',
  timestamp: '2021-12-29T17:51:07.305Z'
}
{
  message: 'Listening at 3000',
  level: 'info',
  timestamp: '2021-12-29T17:51:38.168Z'
}
{
  message: 'Listening at 3000',
  level: 'info',
  timestamp: '2021-12-29T17:54:57.415Z'
}
{
  message: 'Listening at 3000',
  level: 'info',
  timestamp: '2021-12-29T17:59:56.535Z'
}
{
  message: 'Listening at 3000',
  level: 'info',
  timestamp: '2021-12-29T18:00:17.546Z'
}
{
  message: 'Listening at 3000',
  level: 'info',
  timestamp: '2021-12-29T18:01:19.493Z'
}
{
  message: 'Listening at 3000',
  level: 'info',
  timestamp: '2021-12-29T18:02:57.637Z'
}
{
  message: 'Listening at 3000',
  level: 'info',
  timestamp: '2021-12-29T18:03:39.988Z'
}
{
  message: 'Listening at 3000',
  level: 'info',
  timestamp: '2021-12-29T18:04:13.925Z'
}
{
  message: 'Listening at 3000',
  level: 'info',
  timestamp: '2021-12-29T18:05:19.235Z'
}
{
  message: 'Listening at 3000',
  level: 'info',
  timestamp: '2021-12-29T18:06:31.259Z'
}
{
  message: 'Listening at 3000',
  level: 'info',
  timestamp: '2021-12-29T18:09:09.431Z'
}
{
  message: 'Listening at 3000',
  level: 'info',
  timestamp: '2021-12-29T18:09:31.181Z'
}
{
  message: 'Listening at 3000',
  level: 'info',
  timestamp: '2021-12-29T18:10:17.856Z'
}
{
  message: 'Listening at 3000',
  level: 'info',
  timestamp: '2021-12-29T18:12:31.527Z'
}
{
  message: 'Listening at 3000',
  level: 'info',
  timestamp: '2021-12-29T18:43:07.128Z'
}
{
  message: 'Listening at 3000',
  level: 'info',
  timestamp: '2021-12-29T18:43:15.591Z'
}
{
  message: 'Listening at 3000',
  level: 'info',
  timestamp: '2021-12-29T18:44:43.352Z'
}
{
  message: 'Listening at 3000',
  level: 'info',
  timestamp: '2021-12-29T18:44:58.705Z'
}
{
  message: 'Listening at 3000',
  level: 'info',
  timestamp: '2021-12-29T18:45:06.500Z'
}
{
  message: 'Listening at 3000',
  level: 'info',
  timestamp: '2021-12-29T18:45:32.574Z'
}
{
  message: 'Listening at 3000',
  level: 'info',
  timestamp: '2021-12-29T18:46:28.251Z'
}
{
  message: 'Listening at 3000',
  level: 'info',
  timestamp: '2021-12-29T18:51:43.382Z'
}
{
  message: 'Listening at 3000',
  level: 'info',
  timestamp: '2021-12-29T18:53:22.174Z'
}
{
  message: 'Listening at 3000',
  level: 'info',
  timestamp: '2021-12-29T18:53:43.962Z'
}
{
  message: 'Listening at 3000',
  level: 'info',
  timestamp: '2021-12-29T18:54:13.726Z'
}
{
  message: 'Listening at 3000',
  level: 'info',
  timestamp: '2021-12-29T18:54:36.974Z'
}
{
  message: 'Listening at 3000',
  level: 'info',
  timestamp: '2021-12-29T18:55:55.043Z'
}
{
  message: 'Listening at 3000',
  level: 'info',
  timestamp: '2021-12-29T18:56:19.773Z'
}
{
  message: 'Listening at 3000',
  level: 'info',
  timestamp: '2021-12-29T18:57:18.359Z'
}
{
  message: 'Listening at 3000',
  level: 'info',
  timestamp: '2021-12-29T18:57:35.696Z'
}
{
  message: 'Listening at 3000',
  level: 'info',
  timestamp: '2021-12-29T18:57:41.989Z'
}
{
  message: 'Listening at 3000',
  level: 'info',
  timestamp: '2021-12-29T18:59:14.342Z'
}
{
  message: 'Listening at 3000',
  level: 'info',
  timestamp: '2021-12-29T18:59:23.675Z'
}
{
  message: 'Listening at 3000',
  level: 'info',
  timestamp: '2021-12-29T19:01:02.157Z'
}
{
  message: 'Listening at 3000',
  level: 'info',
  timestamp: '2021-12-29T19:01:46.753Z'
}
{
  message: 'Listening at 3000',
  level: 'info',
  timestamp: '2021-12-29T19:02:44.200Z'
}
{
  message: 'Listening at 3000',
  level: 'info',
  timestamp: '2021-12-29T19:02:54.701Z'
}
{
  message: 'Listening at 3000',
  level: 'info',
  timestamp: '2021-12-29T19:03:14.529Z'
}
{
  message: 'Listening at 3000',
  level: 'info',
  timestamp: '2021-12-29T19:03:30.438Z'
}
{
  message: 'Listening at 3000',
  level: 'info',
  timestamp: '2021-12-29T19:03:51.350Z'
}
{
  message: 'Listening at 3000',
  level: 'info',
  timestamp: '2021-12-29T19:04:12.079Z'
}
{
  message: 'Listening at 3000',
  level: 'info',
  timestamp: '2021-12-29T19:05:25.747Z'
}
{
  message: 'Listening at 3000',
  level: 'info',
  timestamp: '2021-12-29T19:06:23.730Z'
}
{
  message: 'Listening at 3000',
  level: 'info',
  timestamp: '2021-12-29T19:09:19.710Z'
}
{
  message: 'Listening at 3000',
  level: 'info',
  timestamp: '2021-12-29T19:10:06.593Z'
}
{
  message: 'Listening at 3000',
  level: 'info',
  timestamp: '2021-12-29T19:10:14.152Z'
}
{
  message: 'Listening at 3000',
  level: 'info',
  timestamp: '2021-12-29T19:13:42.879Z'
}
{
  message: 'Listening at 3000',
  level: 'info',
  timestamp: '2021-12-29T19:25:45.548Z'
}
{
  message: 'Listening at 3000',
  level: 'info',
  timestamp: '2021-12-29T19:26:20.749Z'
}
{
  message: 'Listening at 3000',
  level: 'info',
  timestamp: '2021-12-29T19:27:32.902Z'
}
{
  message: 'Listening at 3000',
  level: 'info',
  timestamp: '2021-12-29T19:27:42.070Z'
}
{
  message: 'Listening at 3000',
  level: 'info',
  timestamp: '2021-12-29T19:29:10.687Z'
}
{
  message: 'Listening at 3000',
  level: 'info',
  timestamp: '2021-12-29T19:30:19.480Z'
}
{
  message: 'Listening at 3000',
  level: 'info',
  timestamp: '2021-12-29T19:31:17.841Z'
}
{
  message: 'Listening at 3000',
  level: 'info',
  timestamp: '2021-12-29T19:33:41.851Z'
}
{
  message: 'Listening at 3000',
  level: 'info',
  timestamp: '2021-12-29T19:33:52.098Z'
}
{
  message: 'Listening at 3000',
  level: 'info',
  timestamp: '2021-12-29T19:34:45.131Z'
}
{
  message: 'Listening at 3000',
  level: 'info',
  timestamp: '2021-12-29T19:34:51.403Z'
}
{
  message: 'Listening at 3000',
  level: 'info',
  timestamp: '2021-12-29T19:35:50.644Z'
}
{
  message: 'Listening at 3000',
  level: 'info',
  timestamp: '2021-12-29T19:35:58.410Z'
}
{
  message: 'Listening at 3000',
  level: 'info',
  timestamp: '2021-12-29T19:36:12.781Z'
}
{
  message: 'Listening at 3000',
  level: 'info',
  timestamp: '2021-12-29T19:36:28.038Z'
}
{
  message: 'Listening at 3000',
  level: 'info',
  timestamp: '2021-12-29T19:40:01.887Z'
}
{
  message: 'Listening at 3000',
  level: 'info',
  timestamp: '2021-12-29T19:40:12.132Z'
}
{
  message: 'Listening at 3000',
  level: 'info',
  timestamp: '2021-12-29T19:41:02.665Z'
}
{
  message: 'Listening at 3000',
  level: 'info',
  timestamp: '2021-12-29T19:41:20.293Z'
}
{
  message: 'Listening at 3000',
  level: 'info',
  timestamp: '2021-12-29T19:41:26.181Z'
}
{
  message: 'Listening at 3000',
  level: 'info',
  timestamp: '2021-12-29T19:41:42.965Z'
}
{
  message: 'Listening at 3000',
  level: 'info',
  timestamp: '2021-12-29T19:41:53.922Z'
}
{
  message: 'Listening at 3000',
  level: 'info',
  timestamp: '2021-12-29T19:41:59.847Z'
}
{
  message: 'Listening at 3000',
  level: 'info',
  timestamp: '2021-12-29T19:49:08.718Z'
}
{
  message: 'Listening at 3000',
  level: 'info',
  timestamp: '2021-12-29T20:18:35.051Z'
}
{
  message: 'Listening at 3000',
  level: 'info',
  timestamp: '2021-12-29T23:53:38.346Z'
}
